<?xml version="1.0" encoding="UTF-8"?>
<!-- Generated by org.testng.reporters.JUnitXMLReporter -->
<testsuite hostname="SHREE-PC" ignored="1" name="Hub Spot Functional Regression Test" tests="4" failures="0" timestamp="14 Feb 2020 23:43:38 GMT" time="0.206" errors="0">
  <testcase name="@BeforeTest setUp" time="0.0" classname="com.qa.hubspot.testcases.LoginPageTest">
    <failure type="org.testng.TestNGException" message="
Parameter &amp;apos;browser&amp;apos; is required by BeforeTest on method setUp but has not been marked @Optional or defined
in C:\SeleniumTraining\JavaLearning\NaveenAutomationLabsPOMSeries\src\test\resources\testrunners\testng.xml">
      <![CDATA[org.testng.TestNGException: 
Parameter 'browser' is required by BeforeTest on method setUp but has not been marked @Optional or defined
in C:\SeleniumTraining\JavaLearning\NaveenAutomationLabsPOMSeries\src\test\resources\testrunners\testng.xml
... Removed 21 stack frames]]>
    </failure>
  </testcase> <!-- @BeforeTest setUp -->
  <testcase name="@AfterTest tearDown" time="0.004" classname="com.qa.hubspot.testcases.LoginPageTest">
    <failure type="java.lang.NullPointerException">
      <![CDATA[java.lang.NullPointerException
at com.qa.hubspot.testcases.LoginPageTest.tearDown(LoginPageTest.java:141)
... Removed 24 stack frames]]>
    </failure>
  </testcase> <!-- @AfterTest tearDown -->
  <testcase name="verifyLoginPageTitleTest" time="0.003" classname="com.qa.hubspot.testcases.LoginPageTest">
    <skipped/>
  </testcase> <!-- verifyLoginPageTitleTest -->
  <testcase name="verifySignUpLink" time="0.0" classname="com.qa.hubspot.testcases.LoginPageTest">
    <skipped/>
  </testcase> <!-- verifySignUpLink -->
  <testcase name="verifyDontHaveAnAccountTextTest" time="0.0" classname="com.qa.hubspot.testcases.LoginPageTest">
    <skipped/>
  </testcase> <!-- verifyDontHaveAnAccountTextTest -->
  <testcase name="loginTest" time="0.0" classname="com.qa.hubspot.testcases.LoginPageTest">
    <skipped/>
  </testcase> <!-- loginTest -->
  <testcase name="login_InvalidTestCases" time="0.0" classname="com.qa.hubspot.testcases.LoginPageTest">
    <ignored/>
  </testcase> <!-- login_InvalidTestCases -->
</testsuite> <!-- Hub Spot Functional Regression Test -->
